mode: set
github.com/yebology/skillful-certification/app/controller/class.go:16.75,18.2 1 1
github.com/yebology/skillful-certification/app/controller/class.go:20.61,25.16 3 1
github.com/yebology/skillful-certification/app/controller/class.go:25.16,27.3 1 1
github.com/yebology/skillful-certification/app/controller/class.go:29.2,30.16 2 1
github.com/yebology/skillful-certification/app/controller/class.go:30.16,32.3 1 0
github.com/yebology/skillful-certification/app/controller/class.go:34.2,34.102 1 1
github.com/yebology/skillful-certification/app/controller/class.go:38.59,43.16 3 1
github.com/yebology/skillful-certification/app/controller/class.go:43.16,45.3 1 0
github.com/yebology/skillful-certification/app/controller/class.go:47.2,48.16 2 1
github.com/yebology/skillful-certification/app/controller/class.go:48.16,50.3 1 0
github.com/yebology/skillful-certification/app/controller/class.go:52.2,53.16 2 1
github.com/yebology/skillful-certification/app/controller/class.go:53.16,55.3 1 0
github.com/yebology/skillful-certification/app/controller/class.go:57.2,57.100 1 1
github.com/yebology/skillful-certification/app/controller/class.go:61.61,64.16 2 1
github.com/yebology/skillful-certification/app/controller/class.go:64.16,66.3 1 0
github.com/yebology/skillful-certification/app/controller/class.go:68.2,68.105 1 1
github.com/yebology/skillful-certification/app/controller/class.go:72.64,75.16 2 1
github.com/yebology/skillful-certification/app/controller/class.go:75.16,77.3 1 0
github.com/yebology/skillful-certification/app/controller/class.go:79.2,80.16 2 1
github.com/yebology/skillful-certification/app/controller/class.go:80.16,82.3 1 1
github.com/yebology/skillful-certification/app/controller/class.go:84.2,84.103 1 1
github.com/yebology/skillful-certification/app/controller/class.go:88.61,91.16 2 1
github.com/yebology/skillful-certification/app/controller/class.go:91.16,93.3 1 0
github.com/yebology/skillful-certification/app/controller/class.go:95.2,96.16 2 1
github.com/yebology/skillful-certification/app/controller/class.go:96.16,98.3 1 1
github.com/yebology/skillful-certification/app/controller/class.go:100.2,100.102 1 1
github.com/yebology/skillful-certification/app/controller/class_participant.go:16.114,18.2 1 1
github.com/yebology/skillful-certification/app/controller/class_participant.go:20.78,25.16 3 1
github.com/yebology/skillful-certification/app/controller/class_participant.go:25.16,27.3 1 1
github.com/yebology/skillful-certification/app/controller/class_participant.go:29.2,30.16 2 1
github.com/yebology/skillful-certification/app/controller/class_participant.go:30.16,32.3 1 0
github.com/yebology/skillful-certification/app/controller/class_participant.go:34.2,34.115 1 1
github.com/yebology/skillful-certification/app/controller/class_participant.go:38.80,41.16 2 1
github.com/yebology/skillful-certification/app/controller/class_participant.go:41.16,43.3 1 0
github.com/yebology/skillful-certification/app/controller/class_participant.go:45.2,46.16 2 1
github.com/yebology/skillful-certification/app/controller/class_participant.go:46.16,48.3 1 1
github.com/yebology/skillful-certification/app/controller/class_participant.go:50.2,50.116 1 1
github.com/yebology/skillful-certification/app/controller/class_participant.go:54.80,57.16 2 1
github.com/yebology/skillful-certification/app/controller/class_participant.go:57.16,59.3 1 0
github.com/yebology/skillful-certification/app/controller/class_participant.go:61.2,62.16 2 1
github.com/yebology/skillful-certification/app/controller/class_participant.go:62.16,64.3 1 1
github.com/yebology/skillful-certification/app/controller/class_participant.go:66.2,66.122 1 1
github.com/yebology/skillful-certification/app/controller/class_participant.go:70.83,73.16 2 1
github.com/yebology/skillful-certification/app/controller/class_participant.go:73.16,75.3 1 0
github.com/yebology/skillful-certification/app/controller/class_participant.go:77.2,78.16 2 1
github.com/yebology/skillful-certification/app/controller/class_participant.go:78.16,80.3 1 1
github.com/yebology/skillful-certification/app/controller/class_participant.go:82.2,82.107 1 1
github.com/yebology/skillful-certification/app/controller/participant.go:16.93,18.2 1 1
github.com/yebology/skillful-certification/app/controller/participant.go:20.70,25.16 3 1
github.com/yebology/skillful-certification/app/controller/participant.go:25.16,27.3 1 1
github.com/yebology/skillful-certification/app/controller/participant.go:29.2,30.16 2 1
github.com/yebology/skillful-certification/app/controller/participant.go:30.16,32.3 1 0
github.com/yebology/skillful-certification/app/controller/participant.go:34.2,34.105 1 1
github.com/yebology/skillful-certification/app/controller/participant.go:38.71,43.16 3 1
github.com/yebology/skillful-certification/app/controller/participant.go:43.16,45.3 1 0
github.com/yebology/skillful-certification/app/controller/participant.go:47.2,48.16 2 1
github.com/yebology/skillful-certification/app/controller/participant.go:48.16,50.3 1 0
github.com/yebology/skillful-certification/app/controller/participant.go:52.2,53.16 2 1
github.com/yebology/skillful-certification/app/controller/participant.go:53.16,55.3 1 0
github.com/yebology/skillful-certification/app/controller/participant.go:57.2,57.106 1 1
github.com/yebology/skillful-certification/app/controller/participant.go:61.73,64.16 2 1
github.com/yebology/skillful-certification/app/controller/participant.go:64.16,66.3 1 0
github.com/yebology/skillful-certification/app/controller/participant.go:68.2,68.116 1 1
github.com/yebology/skillful-certification/app/controller/participant.go:72.76,75.16 2 1
github.com/yebology/skillful-certification/app/controller/participant.go:75.16,77.3 1 0
github.com/yebology/skillful-certification/app/controller/participant.go:79.2,80.16 2 1
github.com/yebology/skillful-certification/app/controller/participant.go:80.16,82.3 1 1
github.com/yebology/skillful-certification/app/controller/participant.go:84.2,84.115 1 1
github.com/yebology/skillful-certification/app/controller/participant.go:88.73,91.16 2 1
github.com/yebology/skillful-certification/app/controller/participant.go:91.16,93.3 1 0
github.com/yebology/skillful-certification/app/controller/participant.go:95.2,96.16 2 1
github.com/yebology/skillful-certification/app/controller/participant.go:96.16,98.3 1 1
github.com/yebology/skillful-certification/app/controller/participant.go:100.2,100.108 1 1
